<?xml version='1.0' encoding='UTF-8'?>
<testsuite hostname="10-22-111-102.ed2.eduroam.fct.unl.pt" name="org.verifx.practical.ProofTests" tests="6" errors="0" failures="0" skipped="0" time="64.394" timestamp="2025-11-25T13:47:36">
                     <properties>
[...]
</properties>
                     <testcase classname="org.verifx.practical.ProofTests" name="GCounter should be a CRDT" time="20.527">
                                                 
                                               </testcase><testcase classname="org.verifx.practical.ProofTests" name="PNCounter should be a CRDT" time="17.741">
                                                 
                                               </testcase><testcase classname="org.verifx.practical.ProofTests" name="GSet should be a CRDT" time="8.991">
                                                 
                                               </testcase><testcase classname="org.verifx.practical.ProofTests" name="TwoPSet should be a CRDT" time="6.118">
                                                 
                                               </testcase><testcase classname="org.verifx.practical.ProofTests" name="TwoPSet should compare correctly" time="5.287">
                                                 
                                               </testcase><testcase classname="org.verifx.practical.ProofTests" name="ORSet should be a CRDT" time="5.73">
                                                 
                                               </testcase>
                     <system-out><![CDATA[]]></system-out>
                     <system-err><![CDATA[]]></system-err>
                   </testsuite>